c:\users\xpist\google drive\college\semester 6\robotics\autosnowplowmay1\autonomoussnowplow2019\autonomous snowplow 2019\autonomous snowplow 2019\x64\debug\vc140.pdb
c:\users\xpist\google drive\college\semester 6\robotics\autosnowplowmay1\autonomoussnowplow2019\autonomous snowplow 2019\autonomous snowplow 2019\x64\debug\vc140.idb
c:\users\xpist\google drive\college\semester 6\robotics\autosnowplowmay1\autonomoussnowplow2019\autonomous snowplow 2019\autonomous snowplow 2019\x64\debug\arduino.nativecodeanalysis.xml
c:\users\xpist\google drive\college\semester 6\robotics\autosnowplowmay1\autonomoussnowplow2019\autonomous snowplow 2019\autonomous snowplow 2019\x64\debug\lidar_handler.nativecodeanalysis.xml
c:\users\xpist\google drive\college\semester 6\robotics\autosnowplowmay1\autonomoussnowplow2019\autonomous snowplow 2019\autonomous snowplow 2019\x64\debug\local_handler.nativecodeanalysis.xml
c:\users\xpist\google drive\college\semester 6\robotics\autosnowplowmay1\autonomoussnowplow2019\autonomous snowplow 2019\autonomous snowplow 2019\x64\debug\main.nativecodeanalysis.xml
c:\users\xpist\google drive\college\semester 6\robotics\autosnowplowmay1\autonomoussnowplow2019\autonomous snowplow 2019\autonomous snowplow 2019\x64\debug\serialport.nativecodeanalysis.xml
c:\users\xpist\google drive\college\semester 6\robotics\autosnowplowmay1\autonomoussnowplow2019\autonomous snowplow 2019\autonomous snowplow 2019\x64\debug\serialport.obj
c:\users\xpist\google drive\college\semester 6\robotics\autosnowplowmay1\autonomoussnowplow2019\autonomous snowplow 2019\autonomous snowplow 2019\x64\debug\main.obj
c:\users\xpist\google drive\college\semester 6\robotics\autosnowplowmay1\autonomoussnowplow2019\autonomous snowplow 2019\autonomous snowplow 2019\x64\debug\local_handler.obj
c:\users\xpist\google drive\college\semester 6\robotics\autosnowplowmay1\autonomoussnowplow2019\autonomous snowplow 2019\autonomous snowplow 2019\x64\debug\lidar_handler.obj
c:\users\xpist\google drive\college\semester 6\robotics\autosnowplowmay1\autonomoussnowplow2019\autonomous snowplow 2019\autonomous snowplow 2019\x64\debug\arduino.obj
c:\users\xpist\google drive\college\semester 6\robotics\autosnowplowmay1\autonomoussnowplow2019\autonomous snowplow 2019\x64\debug\autonomous snowplow 2019.ilk
c:\users\xpist\google drive\college\semester 6\robotics\autosnowplowmay1\autonomoussnowplow2019\autonomous snowplow 2019\x64\debug\autonomous snowplow 2019.exe
c:\users\xpist\google drive\college\semester 6\robotics\autosnowplowmay1\autonomoussnowplow2019\autonomous snowplow 2019\x64\debug\autonomous snowplow 2019.pdb
c:\users\xpist\google drive\college\semester 6\robotics\autosnowplowmay1\autonomoussnowplow2019\autonomous snowplow 2019\autonomous snowplow 2019\x64\debug\nativecodeanalysis.read.1.tlog
c:\users\xpist\google drive\college\semester 6\robotics\autosnowplowmay1\autonomoussnowplow2019\autonomous snowplow 2019\autonomous snowplow 2019\x64\debug\vc.nativecodeanalysis.all.xml
c:\users\xpist\google drive\college\semester 6\robotics\autosnowplowmay1\autonomoussnowplow2019\autonomous snowplow 2019\x64\debug\autonomous snowplow 2019.exe.lastcodeanalysissucceeded
c:\users\xpist\google drive\college\semester 6\robotics\autosnowplowmay1\autonomoussnowplow2019\autonomous snowplow 2019\autonomous snowplow 2019\x64\debug\autonomo.64f17086.tlog\cl.command.1.tlog
c:\users\xpist\google drive\college\semester 6\robotics\autosnowplowmay1\autonomoussnowplow2019\autonomous snowplow 2019\autonomous snowplow 2019\x64\debug\autonomo.64f17086.tlog\cl.read.1.tlog
c:\users\xpist\google drive\college\semester 6\robotics\autosnowplowmay1\autonomoussnowplow2019\autonomous snowplow 2019\autonomous snowplow 2019\x64\debug\autonomo.64f17086.tlog\cl.write.1.tlog
c:\users\xpist\google drive\college\semester 6\robotics\autosnowplowmay1\autonomoussnowplow2019\autonomous snowplow 2019\autonomous snowplow 2019\x64\debug\autonomo.64f17086.tlog\link.command.1.tlog
c:\users\xpist\google drive\college\semester 6\robotics\autosnowplowmay1\autonomoussnowplow2019\autonomous snowplow 2019\autonomous snowplow 2019\x64\debug\autonomo.64f17086.tlog\link.read.1.tlog
c:\users\xpist\google drive\college\semester 6\robotics\autosnowplowmay1\autonomoussnowplow2019\autonomous snowplow 2019\autonomous snowplow 2019\x64\debug\autonomo.64f17086.tlog\link.write.1.tlog
